<?xml version="1.0" encoding="UTF-8"?>
<!-- Generated by org.testng.reporters.JUnitXMLReporter -->
<testsuite ignored="2" hostname="ajit-Ideapad" failures="0" tests="2" name="Test" time="39.734" errors="0" timestamp="2023-06-23T18:39:14 IST">
  <testcase classname="driver.TestDriver" name="test" time="1.185"/>
  <testcase classname="driver.TestDriver" name="getData" time="10.038"/>
  <testcase classname="common.Common" name="@AfterTest tearDown" time="0.0">
    <ignored/>
  </testcase> <!-- @AfterTest tearDown -->
  <testcase classname="common.Common" name="@BeforeTest setUp" time="0.0">
    <ignored/>
  </testcase> <!-- @BeforeTest setUp -->
</testsuite> <!-- Test -->
