<?xml version="1.0" encoding="UTF-8"?>
<!-- Generated by org.testng.reporters.JUnitXMLReporter -->
<testsuite ignored="2" hostname="ajit-Ideapad" failures="0" tests="2" name="Test" time="22.966" errors="0" timestamp="2023-06-23T11:24:17 IST">
  <testcase classname="driver.TestDriver" name="test" time="1.152"/>
  <testcase classname="driver.TestDriver" name="getData" time="8.114"/>
  <testcase classname="common.Common" name="@BeforeTest setUp" time="0.0">
    <ignored/>
  </testcase> <!-- @BeforeTest setUp -->
  <testcase classname="common.Common" name="@AfterTest tearDown" time="0.0">
    <ignored/>
  </testcase> <!-- @AfterTest tearDown -->
</testsuite> <!-- Test -->
