<?xml version="1.0" encoding="UTF-8"?>
<testng-results ignored="2" total="4" passed="2" failed="0" skipped="0">
  <reporter-output>
    <line>
      <![CDATA[10 ]]>
    </line>
  </reporter-output>
  <suite started-at="2023-06-23T11:23:54 IST" name="Suite" finished-at="2023-06-23T11:24:17 IST" duration-ms="22966">
    <groups>
    </groups>
    <test started-at="2023-06-23T11:23:54 IST" name="Test" finished-at="2023-06-23T11:24:17 IST" duration-ms="22966">
      <class name="driver.TestDriver">
        <test-method signature="test()[pri:1, instance:driver.TestDriver@76a4ebf2]" started-at="2023-06-23T11:24:07 IST" name="test" finished-at="2023-06-23T11:24:08 IST" duration-ms="1152" status="PASS">
          <reporter-output>
            <line>
              <![CDATA[10 ]]>
            </line>
          </reporter-output>
        </test-method> <!-- test -->
        <test-method signature="getData()[pri:2, instance:driver.TestDriver@76a4ebf2]" started-at="2023-06-23T11:24:08 IST" name="getData" finished-at="2023-06-23T11:24:16 IST" duration-ms="8114" status="PASS">
          <reporter-output>
          </reporter-output>
        </test-method> <!-- getData -->
      </class> <!-- driver.TestDriver -->
      <class name="common.Common">
        <test-method is-config="true" signature="setUp(java.lang.String)[pri:0, instance:common.Common@1a942c18]" started-at="2023-06-23T11:23:55 IST" name="setUp" finished-at="2023-06-23T11:24:07 IST" duration-ms="12336" status="PASS">
          <params>
            <param index="0">
              <value>
                <![CDATA[https://practicetestautomation.com/practice-test-login/]]>
              </value>
            </param>
          </params>
          <reporter-output>
          </reporter-output>
        </test-method> <!-- setUp -->
        <test-method is-config="true" signature="tearDown()[pri:0, instance:common.Common@1a942c18]" started-at="2023-06-23T11:24:16 IST" name="tearDown" finished-at="2023-06-23T11:24:17 IST" duration-ms="1266" status="PASS">
          <reporter-output>
          </reporter-output>
        </test-method> <!-- tearDown -->
      </class> <!-- common.Common -->
    </test> <!-- Test -->
  </suite> <!-- Suite -->
</testng-results>
