<?xml version="1.0" encoding="UTF-8"?>
<testng-results ignored="2" total="4" passed="2" failed="0" skipped="0">
  <reporter-output>
    <line>
      <![CDATA[12 ]]>
    </line>
  </reporter-output>
  <suite started-at="2023-06-23T18:38:34 IST" name="Suite" finished-at="2023-06-23T18:39:14 IST" duration-ms="39734">
    <groups>
    </groups>
    <test started-at="2023-06-23T18:38:34 IST" name="Test" finished-at="2023-06-23T18:39:14 IST" duration-ms="39734">
      <class name="driver.TestDriver">
        <test-method signature="test()[pri:1, instance:driver.TestDriver@7ef82753]" started-at="2023-06-23T18:39:01 IST" name="test" finished-at="2023-06-23T18:39:03 IST" duration-ms="1185" status="PASS">
          <reporter-output>
            <line>
              <![CDATA[12 ]]>
            </line>
          </reporter-output>
        </test-method> <!-- test -->
        <test-method signature="getData()[pri:2, instance:driver.TestDriver@7ef82753]" started-at="2023-06-23T18:39:03 IST" name="getData" finished-at="2023-06-23T18:39:13 IST" duration-ms="10038" status="PASS">
          <reporter-output>
          </reporter-output>
        </test-method> <!-- getData -->
      </class> <!-- driver.TestDriver -->
      <class name="common.Common">
        <test-method is-config="true" signature="setUp(java.lang.String)[pri:0, instance:common.Common@53fe15ff]" started-at="2023-06-23T18:38:34 IST" name="setUp" finished-at="2023-06-23T18:39:01 IST" duration-ms="27317" status="PASS">
          <params>
            <param index="0">
              <value>
                <![CDATA[https://practicetestautomation.com/practice-test-login/]]>
              </value>
            </param>
          </params>
          <reporter-output>
          </reporter-output>
        </test-method> <!-- setUp -->
        <test-method is-config="true" signature="tearDown()[pri:0, instance:common.Common@53fe15ff]" started-at="2023-06-23T18:39:13 IST" name="tearDown" finished-at="2023-06-23T18:39:14 IST" duration-ms="1116" status="PASS">
          <reporter-output>
          </reporter-output>
        </test-method> <!-- tearDown -->
      </class> <!-- common.Common -->
    </test> <!-- Test -->
  </suite> <!-- Suite -->
</testng-results>
